[    0.000000] Initializing cgroup subsys cpuset
[    0.000000] Initializing cgroup subsys cpu
[    0.000000] Initializing cgroup subsys cpuacct
[    0.000000] Linux version 4.4.0-137-generic (buildd@lgw01-amd64-037) (gcc version 5.4.0 20160609 (Ubuntu 5.4.0-6ubuntu1~16.04.10) ) #163-Ubuntu SMP Mon Sep 24 13:14:43 UTC 2018 (Ubuntu 4.4.0-137.163-generic 4.4.144)
[    0.000000] Command line: BOOT_IMAGE=/boot/vmlinuz-4.4.0-137-generic root=LABEL=cloudimg-rootfs ro console=tty1 console=ttyS0
[    0.000000] KERNEL supported cpus:
[    0.000000]   Intel GenuineIntel
[    0.000000]   AMD AuthenticAMD
[    0.000000]   Centaur CentaurHauls
[    0.000000] x86/fpu: xstate_offset[2]:  576, xstate_sizes[2]:  256
[    0.000000] x86/fpu: Supporting XSAVE feature 0x01: 'x87 floating point registers'
[    0.000000] x86/fpu: Supporting XSAVE feature 0x02: 'SSE registers'
[    0.000000] x86/fpu: Supporting XSAVE feature 0x04: 'AVX registers'
[    0.000000] x86/fpu: Enabled xstate features 0x7, context size is 832 bytes, using 'standard' format.
[    0.000000] e820: BIOS-provided physical RAM map:
[    0.000000] BIOS-e820: [mem 0x0000000000000000-0x000000000009fbff] usable
[    0.000000] BIOS-e820: [mem 0x000000000009fc00-0x000000000009ffff] reserved
[    0.000000] BIOS-e820: [mem 0x00000000000f0000-0x00000000000fffff] reserved
[    0.000000] BIOS-e820: [mem 0x0000000000100000-0x00000000dffeffff] usable
[    0.000000] BIOS-e820: [mem 0x00000000dfff0000-0x00000000dfffffff] ACPI data
[    0.000000] BIOS-e820: [mem 0x00000000fec00000-0x00000000fec00fff] reserved
[    0.000000] BIOS-e820: [mem 0x00000000fee00000-0x00000000fee00fff] reserved
[    0.000000] BIOS-e820: [mem 0x00000000fffc0000-0x00000000ffffffff] reserved
[    0.000000] BIOS-e820: [mem 0x0000000100000000-0x000000011fffffff] usable
[    0.000000] NX (Execute Disable) protection: active
[    0.000000] SMBIOS 2.5 present.
[    0.000000] Hypervisor detected: KVM
[    0.000000] e820: last_pfn = 0x120000 max_arch_pfn = 0x400000000
[    0.000000] MTRR: Disabled
[    0.000000] x86/PAT: MTRRs disabled, skipping PAT initialization too.
[    0.000000] CPU MTRRs all blank - virtualized system.
[    0.000000] x86/PAT: Configuration [0-7]: WB  WT  UC- UC  WB  WT  UC- UC  
[    0.000000] e820: last_pfn = 0xdfff0 max_arch_pfn = 0x400000000
[    0.000000] found SMP MP-table at [mem 0x0009fff0-0x0009ffff] mapped at [ffff88000009fff0]
[    0.000000] Scanning 1 areas for low memory corruption
[    0.000000] RAMDISK: [mem 0x3630a000-0x3717cfff]
[    0.000000] ACPI: Early table checksum verification disabled
[    0.000000] ACPI: RSDP 0x00000000000E0000 000024 (v02 VBOX  )
[    0.000000] ACPI: XSDT 0x00000000DFFF0030 00003C (v01 VBOX   VBOXXSDT 00000001 ASL  00000061)
[    0.000000] ACPI: FACP 0x00000000DFFF00F0 0000F4 (v04 VBOX   VBOXFACP 00000001 ASL  00000061)
[    0.000000] ACPI: DSDT 0x00000000DFFF0480 0021C8 (v02 VBOX   VBOXBIOS 00000002 INTL 20100528)
[    0.000000] ACPI: FACS 0x00000000DFFF0200 000040
[    0.000000] ACPI: FACS 0x00000000DFFF0200 000040
[    0.000000] ACPI: APIC 0x00000000DFFF0240 00006C (v02 VBOX   VBOXAPIC 00000001 ASL  00000061)
[    0.000000] ACPI: SSDT 0x00000000DFFF02B0 0001CC (v01 VBOX   VBOXCPUT 00000002 INTL 20100528)
[    0.000000] No NUMA configuration found
[    0.000000] Faking a node at [mem 0x0000000000000000-0x000000011fffffff]
[    0.000000] NODE_DATA(0) allocated [mem 0x11fff7000-0x11fffbfff]
[    0.000000] kvm-clock: Using msrs 4b564d01 and 4b564d00
[    0.000000] kvm-clock: cpu 0, msr 1:1ffef001, primary cpu clock
[    0.000000] kvm-clock: using sched offset of 3172753060 cycles
[    0.000000] clocksource: kvm-clock: mask: 0xffffffffffffffff max_cycles: 0x1cd42e4dffb, max_idle_ns: 881590591483 ns
[    0.000000] Zone ranges:
[    0.000000]   DMA      [mem 0x0000000000001000-0x0000000000ffffff]
[    0.000000]   DMA32    [mem 0x0000000001000000-0x00000000ffffffff]
[    0.000000]   Normal   [mem 0x0000000100000000-0x000000011fffffff]
[    0.000000]   Device   empty
[    0.000000] Movable zone start for each node
[    0.000000] Early memory node ranges
[    0.000000]   node   0: [mem 0x0000000000001000-0x000000000009efff]
[    0.000000]   node   0: [mem 0x0000000000100000-0x00000000dffeffff]
[    0.000000]   node   0: [mem 0x0000000100000000-0x000000011fffffff]
[    0.000000] Initmem setup node 0 [mem 0x0000000000001000-0x000000011fffffff]
[    0.000000] ACPI: PM-Timer IO Port: 0x4008
[    0.000000] IOAPIC[0]: apic_id 4, version 32, address 0xfec00000, GSI 0-23
[    0.000000] ACPI: INT_SRC_OVR (bus 0 bus_irq 0 global_irq 2 dfl dfl)
[    0.000000] ACPI: INT_SRC_OVR (bus 0 bus_irq 9 global_irq 9 high level)
[    0.000000] Using ACPI (MADT) for SMP configuration information
[    0.000000] smpboot: Allowing 4 CPUs, 0 hotplug CPUs
[    0.000000] PM: Registered nosave memory: [mem 0x00000000-0x00000fff]
[    0.000000] PM: Registered nosave memory: [mem 0x0009f000-0x0009ffff]
[    0.000000] PM: Registered nosave memory: [mem 0x000a0000-0x000effff]
[    0.000000] PM: Registered nosave memory: [mem 0x000f0000-0x000fffff]
[    0.000000] PM: Registered nosave memory: [mem 0xdfff0000-0xdfffffff]
[    0.000000] PM: Registered nosave memory: [mem 0xe0000000-0xfebfffff]
[    0.000000] PM: Registered nosave memory: [mem 0xfec00000-0xfec00fff]
[    0.000000] PM: Registered nosave memory: [mem 0xfec01000-0xfedfffff]
[    0.000000] PM: Registered nosave memory: [mem 0xfee00000-0xfee00fff]
[    0.000000] PM: Registered nosave memory: [mem 0xfee01000-0xfffbffff]
[    0.000000] PM: Registered nosave memory: [mem 0xfffc0000-0xffffffff]
[    0.000000] e820: [mem 0xe0000000-0xfebfffff] available for PCI devices
[    0.000000] Booting paravirtualized kernel on KVM
[    0.000000] clocksource: refined-jiffies: mask: 0xffffffff max_cycles: 0xffffffff, max_idle_ns: 7645519600211568 ns
[    0.000000] setup_percpu: NR_CPUS:512 nr_cpumask_bts:512 nr_cpu_ids:4 nr_node_ids:1
[    0.000000] PERCPU: Embedded 34 pagescpu @ffff88011fc00000 s99608 r8192 d31464 u524288
[    0.000000] PV qspinlock hash table entries: 256 (order: 0, 4096 bytes)
[    0.000000] Built 1 zonelists in Node order, mobility grouping on.  Total pages: 1032056
[    0.000000] Policy zone: Normal
[    0.000000] Kernel command line: BOOT_IMAGE=/boot/vmlinuz-4.4.0-137-generic root=LABEL=cloudimg-rootfs ro console=tty1 console=ttyS0
[    0.000000] PID hash table entries: 4096 (order: 3, 32768 bytes)
[    0.000000] Memory: 4027948K/4193848K available (8555K kernel code, 1314K rwdata, 4004K rodata, 1528K init, 1316K bss, 165900K reserved, 0K cma-reserved)
[    0.000000] SLUB: HWalign=64, Order=0-3, MinObjects=0, CPUs=4, Nodes=1
[    0.000000] Kernel/User page tables isolation: enabled
[    0.000000] Hierarchical RCU implementation.
[    0.000000] 	Build-time adjustment of leaf fanout to 64.
[    0.000000] 	RCU restricting CPUs from NR_CPUS=512 to nr_cpu_ids=4.
[    0.000000] RCU: Adjusting geometry for rcu_fanout_leaf=64, nr_cpu_ids=4
[    0.000000] NR_IRQS:33024 nr_irqs:456 16
[    0.000000] Console: colour VGA+ 80x25
[    0.000000] console [tty1] enabled
[    0.000000] console [ttyS0] enabled
[    0.000000] tsc: Detected 2793.532 MHz processor
[   12.789164] Calibrating delay loop (skipped) preset value.. 5587.06 BogoMIPS (lpj=11174128)
[   12.969158] pid_max: default: 32768 minimum: 301
[   13.104969] ACPI: Core revision 20150930
[   13.208589] ACPI: 2 ACPI AML tables successfully acquired and loaded
[   13.297872] Security Framework initialized
[   13.343151] Yama: becoming mindful.
[   13.399597] AppArmor: AppArmor initialized
[   13.464402] Dentry cache hash table entries: 524288 (order: 10, 4194304 bytes)
[   13.569465] Inode-cache hash table entries: 262144 (order: 9, 2097152 bytes)
[   13.721428] Mount-cache hash table entries: 8192 (order: 4, 65536 bytes)
[   13.896847] Mountpoint-cache hash table entries: 8192 (order: 4, 65536 bytes)
[   14.075384] Initializing cgroup subsys io
[   14.157296] Initializing cgroup subsys memory
[   14.252802] Initializing cgroup subsys devices
[   14.350080] Initializing cgroup subsys freezer
[   14.448850] Initializing cgroup subsys net_cls
[   14.531553] Initializing cgroup subsys perf_event
[   14.573062] Initializing cgroup subsys net_prio
[   14.629699] Initializing cgroup subsys hugetlb
[   14.688561] Initializing cgroup subsys pids
[   14.764864] mce: CPU supports 0 MCE banks
[   14.821673] Last level iTLB entries: 4KB 1024, 2MB 1024, 4MB 1024
[   14.922562] Last level dTLB entries: 4KB 1024, 2MB 1024, 4MB 1024, 1GB 4
[   15.026428] Spectre V2 : Mitigation: Full generic retpoline
[   15.101370] Spectre V2 : Spectre v2 mitigation: Speculation control IBPB not-supported IBRS not-supported
[   15.224798] Spectre V2 : Spectre v2 / SpectreRSB mitigation: Filling RSB on context switch
[   15.346175] Speculative Store Bypass: Vulnerable
[   15.414395] Freeing SMP alternatives memory: 32K
[   15.482564] ftrace: allocating 32265 entries in 127 pages
[   15.592689] smpboot: APIC(0) Converting physical 0 to logical package 0
[   15.687391] smpboot: Max logical packages: 1
[   15.754865] x2apic enabled
[   15.806359] Switched APIC routing to physical x2apic.
[   15.890648] ..TIMER: vector=0x30 apic1=0 pin1=2 apic2=-1 pin2=-1
[   16.112960] smpboot: CPU0: Intel(R) Core(TM) i7-4980HQ CPU @ 2.80GHz (family: 0x6, model: 0x46, stepping: 0x1)
[   16.278486] Performance Events: unsupported p6 CPU model 70 no PMU driver, software events only.
[   16.438398] KVM setup paravirtual spinlock
[   16.499413] x86: Booting SMP configuration:
[   16.572610] .... node  #0, CPUs:      #1
[   16.642327] kvm-clock: cpu 1, msr 1:1ffef041, secondary cpu clock
[   16.758398] mce: CPU supports 0 MCE banks
[   16.791101]  #2
[   16.801791] kvm-clock: cpu 2, msr 1:1ffef081, secondary cpu clock
[   16.900060] mce: CPU supports 0 MCE banks
[   17.007746]  #3
[   17.036185] kvm-clock: cpu 3, msr 1:1ffef0c1, secondary cpu clock
[   17.199971] mce: CPU supports 0 MCE banks
[   17.308755] x86: Booted up 1 node, 4 CPUs
[   17.375848] smpboot: Total of 4 processors activated (22348.25 BogoMIPS)
[   17.479120] devtmpfs: initialized
[   17.535215] evm: security.selinux
[   17.583911] evm: security.SMACK64
[   17.645627] evm: security.SMACK64EXEC
[   17.706041] evm: security.SMACK64TRANSMUTE
[   17.769784] evm: security.SMACK64MMAP
[   17.822946] evm: security.ima
[   17.856822] evm: security.capability
[   17.885925] clocksource: jiffies: mask: 0xffffffff max_cycles: 0xffffffff, max_idle_ns: 7645041785100000 ns
[   18.033971] futex hash table entries: 1024 (order: 4, 65536 bytes)
[   18.163455] pinctrl core: initialized pinctrl subsystem
[   18.253971] RTC time: 11:38:53, date: 10/19/18
[   18.324250] NET: Registered protocol family 16
[   18.417218] cpuidle: using governor ladder
[   18.516836] cpuidle: using governor menu
[   18.589322] PCCT header not found.
[   18.669061] ACPI: bus type PCI registered
[   18.745192] acpiphp: ACPI Hot Plug PCI Controller Driver version: 0.5
[   18.862605] PCI: Using configuration type 1 for base access
[   18.978585] ACPI: Added _OSI(Module Device)
[   18.999575] ACPI: Added _OSI(Processor Device)
[   19.065577] ACPI: Added _OSI(3.0 _SCP Extensions)
[   19.149167] ACPI: Added _OSI(Processor Aggregator Device)
[   19.229234] ACPI: Executed 1 blocks of module-level executable AML code
[   19.333684] ACPI: Interpreter enabled
[   19.404182] ACPI: (supports S0 S5)
[   19.476968] ACPI: Using IOAPIC for interrupt routing
[   19.553561] PCI: Using host bridge windows from ACPI; if necessary, use "pci=nocrs" and report a bug
[   19.688079] ACPI: PCI Root Bridge [PCI0] (domain 0000 [bus 00-ff])
[   19.824642] acpi PNP0A03:00: _OSC: OS supports [ASPM ClockPM Segments MSI]
[   19.943141] acpi PNP0A03:00: _OSC failed (AE_NOT_FOUND); disabling ASPM
[   20.050696] acpi PNP0A03:00: fail to add MMCONFIG information, can't access extended PCI configuration space under this bridge.
[   20.160409] PCI host bridge to bus 0000:00
[   20.216526] pci_bus 0000:00: root bus resource [io  0x0000-0x0cf7 window]
[   20.362884] pci_bus 0000:00: root bus resource [io  0x0d00-0xffff window]
[   20.449636] pci_bus 0000:00: root bus resource [mem 0x000a0000-0x000bffff window]
[   20.580350] pci_bus 0000:00: root bus resource [mem 0xe0000000-0xffdfffff window]
[   20.731770] pci_bus 0000:00: root bus resource [bus 00-ff]
[   20.825148] pci 0000:00:01.1: legacy IDE quirk: reg 0x10: [io  0x01f0-0x01f7]
[   20.951507] pci 0000:00:01.1: legacy IDE quirk: reg 0x14: [io  0x03f6]
[   21.068337] pci 0000:00:01.1: legacy IDE quirk: reg 0x18: [io  0x0170-0x0177]
[   21.166758] pci 0000:00:01.1: legacy IDE quirk: reg 0x1c: [io  0x0376]
[   21.236352] pci 0000:00:07.0: quirk: [io  0x4000-0x403f] claimed by PIIX4 ACPI
[   21.351451] pci 0000:00:07.0: quirk: [io  0x4100-0x410f] claimed by PIIX4 SMB
[   21.493044] ACPI: PCI Interrupt Link [LNKA] (IRQs 5 9 10 *11)
[   21.577259] ACPI: PCI Interrupt Link [LNKB] (IRQs 5 9 10 *11)
[   21.684769] ACPI: PCI Interrupt Link [LNKC] (IRQs 5 9 *10 11)
[   21.771445] ACPI: PCI Interrupt Link [LNKD] (IRQs 5 *9 10 11)
[   21.857866] ACPI: Enabled 2 GPEs in block 00 to 07
[   21.943315] vgaarb: setting as boot device: PCI:0000:00:02.0
[   22.056206] vgaarb: device added: PCI:0000:00:02.0,decodes=io+mem,owns=io+mem,locks=none
[   22.207645] vgaarb: loaded
[   22.235123] vgaarb: bridge control possible 0000:00:02.0
[   22.282959] SCSI subsystem initialized
[   22.298595] ACPI: bus type USB registered
[   22.325947] usbcore: registered new interface driver usbfs
[   22.415312] usbcore: registered new interface driver hub
[   22.508280] usbcore: registered new device driver usb
[   22.619227] PCI: Using ACPI for IRQ routing
[   22.691071] NetLabel: Initializing
[   22.754432] NetLabel:  domain hash size = 128
[   22.835027] NetLabel:  protocols = UNLABELED CIPSOv4
[   22.932860] NetLabel:  unlabeled traffic allowed by default
[   23.012944] amd_nb: Cannot enumerate AMD northbridges
[   23.097995] clocksource: Switched to clocksource kvm-clock
[   23.193633] AppArmor: AppArmor Filesystem Enabled
[   23.313706] pnp: PnP ACPI init
[   23.371223] pnp: PnP ACPI: found 3 devices
[   23.455350] clocksource: acpi_pm: mask: 0xffffff max_cycles: 0xffffff, max_idle_ns: 2085701024 ns
[   23.655354] NET: Registered protocol family 2
[   23.770648] TCP established hash table entries: 32768 (order: 6, 262144 bytes)
[   23.938619] TCP bind hash table entries: 32768 (order: 7, 524288 bytes)
[   24.098738] TCP: Hash tables configured (established 32768 bind 32768)
[   24.254979] UDP hash table entries: 2048 (order: 4, 65536 bytes)
[   24.421401] UDP-Lite hash table entries: 2048 (order: 4, 65536 bytes)
[   24.543561] NET: Registered protocol family 1
[   24.651954] pci 0000:00:00.0: Limiting direct PCI/PCI transfers
[   24.819134] pci 0000:00:01.0: Activating ISA DMA hang workarounds
[   24.969512] Unpacking initramfs...
[ 25.241657] Freeing initrd memory: 14796K
[   25.415830] PCI-DMA: Using software bounce buffering for IO (SWIOTLB)
[   25.571069] software IO TLB [mem 0xdbff0000-0xdfff0000] (64MB) mapped at [ffff8800dbff0000-ffff8800dffeffff]
[   25.666415] platform rtc_cmos: registered platform RTC device (no PNP device found)
[   25.785286] Scanning for low memory corruption every 60 seconds
[   25.943431] audit: initializing netlink subsys (disabled)
[   26.044194] audit: type=2000 audit(1539949123.839:1): initialized
[   26.147123] Initialise system trusted keyring
[   26.242642] HugeTLB registered 2 MB page size, pre-allocated 0 pages
[   26.355098] zbud: loaded
[   26.413432] VFS: Disk quotas dquot_6.6.0
[   26.501058] VFS: Dquot-cache hash table entries: 512 (order 0, 4096 bytes)
[   26.659801] squashfs: version 4.0 (2009/01/31) Phillip Lougher
[   26.775346] tsc: Refined TSC clocksource calibration: 2793.168 MHz
[   26.938258] clocksource: tsc: mask: 0xffffffffffffffff max_cycles: 0x28430a91ebb, max_idle_ns: 440795215497 ns
[   26.940287] fuse init (API version 7.23)
[   26.940422] Key type big_key registered
[   26.940456] Allocating IMA MOK and blacklist keyrings.
[   26.942988] Key type asymmetric registered
[   26.942990] Asymmetric key parser 'x509' registered
[   26.943034] Block layer SCSI generic (bsg) driver version 0.4 loaded (major 249)
[   26.943123] io scheduler noop registered
[   26.943124] io scheduler deadline registered (default)
[   26.943161] io scheduler cfq registered
[   26.943262] pci_hotplug: PCI Hot Plug PCI Core version: 0.5
[   26.943266] pciehp: PCI Express Hot Plug Controller Driver version: 0.4
[   26.943578] ACPI: AC Adapter [AC] (off-line)
[   26.943627] input: Power Button as /devices/LNXSYSTM:00/LNXPWRBN:00/input/input0
[   26.943629] ACPI: Power Button [PWRF]
[   26.943705] input: Sleep Button as /devices/LNXSYSTM:00/LNXSLPBN:00/input/input1
[   26.943706] ACPI: Sleep Button [SLPF]
[   26.943929] GHES: HEST is not enabled!
[   26.943993] Serial: 8250/16550 driver, 32 ports, IRQ sharing enabled
[   26.944849] ACPI: Battery Slot [BAT0] (battery present)
[   27.163059] 00:02: ttyS0 at I/O 0x3f8 (irq = 4, base_baud = 115200) is a 16550A
[   27.226319] Linux agpgart interface v0.103
[   27.307580] loop: module loaded
[   27.308268] scsi host0: ata_piix
[   27.308579] scsi host1: ata_piix
[   27.308621] ata1: PATA max UDMA/33 cmd 0x1f0 ctl 0x3f6 bmdma 0xd000 irq 14
[   27.308622] ata2: PATA max UDMA/33 cmd 0x170 ctl 0x376 bmdma 0xd008 irq 15
[   27.308691] libphy: Fixed MDIO Bus: probed
[   27.308693] tun: Universal TUN/TAP device driver, 1.6
[   27.308693] tun: (C) 1999-2004 Max Krasnyansky <maxk@qualcomm.com>
[   27.308722] PPP generic driver version 2.4.2
[   27.308761] ehci_hcd: USB 2.0 'Enhanced' Host Controller (EHCI) Driver
[   27.308765] ehci-pci: EHCI PCI platform driver
[   27.308775] ehci-platform: EHCI generic platform driver
[   27.308781] ohci_hcd: USB 1.1 'Open' Host Controller (OHCI) Driver
[   27.308783] ohci-pci: OHCI PCI platform driver
[   27.308789] ohci-platform: OHCI generic platform driver
[   27.308795] uhci_hcd: USB Universal Host Controller Interface driver
[   27.308840] i8042: PNP: PS/2 Controller [PNP0303:PS2K,PNP0f03:PS2M] at 0x60,0x64 irq 1,12
[   27.390862] serio: i8042 KBD port at 0x60,0x64 irq 1
[   27.390867] serio: i8042 AUX port at 0x60,0x64 irq 12
[   27.390934] mousedev: PS/2 mouse device common for all mice
[   27.391194] rtc_cmos rtc_cmos: rtc core: registered rtc_cmos as rtc0
[   27.391236] rtc_cmos rtc_cmos: alarms up to one day, 114 bytes nvram
[   27.391241] i2c /dev entries driver
[   27.391290] device-mapper: uevent: version 1.0.3
[   27.391332] device-mapper: ioctl: 4.34.0-ioctl (2015-10-28) initialised: dm-devel@redhat.com
[   27.391350] ledtrig-cpu: registered to indicate activity on CPUs
[   27.392599] NET: Registered protocol family 10
[   27.392820] NET: Registered protocol family 17
[   27.392830] Key type dns_resolver registered
[   27.393074] registered taskstats version 1
[   27.393084] Loading compiled-in X.509 certificates
[   27.393553] Loaded X.509 cert 'Build time autogenerated kernel key: 20acc96b50ca7641011eace69d32209215a9b56f'
[   27.393570] zswap: loaded using pool lzo/zbud
[   27.395453] Key type trusted registered
[   27.398813] Key type encrypted registered
[   27.398818] AppArmor: AppArmor sha1 policy hashing enabled
[   27.398820] ima: No TPM chip found, activating TPM-bypass!
[   27.398822] ima: Allocated hash algorithm: sha1
[   27.398832] evm: HMAC attrs: 0x1
[   27.399227]   Magic number: 6:200:631
[   27.478459] rtc_cmos rtc_cmos: setting system clock to 2018-10-19 11:39:02 UTC (1539949142)
[   27.478672] BIOS EDD facility v0.16 2004-Jun-25, 0 devices found
[   27.478672] EDD information not available.
[   27.774500] input: AT Translated Set 2 keyboard as /devices/platform/i8042/serio0/input/input2
[   31.869079] Freeing unused kernel memory: 1528K
[   31.970152] Write protecting the kernel read-only data: 14336k
[   32.073224] Freeing unused kernel memory: 1672K
[   32.146916] Freeing unused kernel memory: 92K
Loading, please [   32.241009] random: systemd-udevd: uninitialized urandom read (16 bytes read, 4 bits of entropy available)
wait...
startin[   32.241609] random: udevadm: uninitialized urandom read (16 bytes read, 4 bits of entropy available)
g version 229
[   32.241630] random: udevadm: uninitialized urandom read (16 bytes read, 4 bits of entropy available)
[   32.251147] random: udevadm: uninitialized urandom read (16 bytes read, 4 bits of entropy available)
[   32.251189] random: udevadm: uninitialized urandom read (16 bytes read, 4 bits of entropy available)
[   32.251433] random: udevadm: uninitialized urandom read (16 bytes read, 4 bits of entropy available)
[   32.251486] random: udevadm: uninitialized urandom read (16 bytes read, 4 bits of entropy available)
[   32.251540] random: udevadm: uninitialized urandom read (16 bytes read, 4 bits of entropy available)
[   32.251591] random: udevadm: uninitialized urandom read (16 bytes read, 4 bits of entropy available)
[   32.251643] random: udevadm: uninitialized urandom read (16 bytes read, 4 bits of entropy available)
[   33.820218] e1000: Intel(R) PRO/1000 Network Driver - version 7.3.21-k8-NAPI
[   33.839630] e1000: Copyright (c) 1999-2006 Intel Corporation.
[   33.938673] Fusion MPT base driver 3.04.20
[   34.032817] Copyright (c) 1999-2008 LSI Corporation
[   34.064745] AVX version of gcm_enc/dec engaged.
[   34.071259] AES CTR mode by8 optimization enabled
[   34.076021] Fusion MPT SPI Host driver 3.04.20
[   34.137263] input: ImExPS/2 Generic Explorer Mouse as /devices/platform/i8042/serio1/input/input5
[   34.403137] e1000 0000:00:03.0 eth0: (PCI:33MHz:32-bit) 02:5a:4b:c7:3e:fa
[   34.450835] e1000 0000:00:03.0 eth0: Intel(R) PRO/1000 Network Connection
[   34.947253] e1000 0000:00:08.0 eth1: (PCI:33MHz:32-bit) 08:00:27:df:19:ad
[   35.133306] e1000 0000:00:08.0 eth1: Intel(R) PRO/1000 Network Connection
[   35.253921] mptbase: ioc0: Initiating bringup
[   35.254569] e1000 0000:00:08.0 enp0s8: renamed from eth1
[   35.438453] e1000 0000:00:03.0 enp0s3: renamed from eth0
[   35.551895] ioc0: LSI53C1030 A0: Capabilities={Initiator}
[   35.847839] scsi host2: ioc0: LSI53C1030 A0, FwRev=00000000h, Ports=1, MaxQ=256, IRQ=20
[   36.103867] scsi 2:0:0:0: Direct-Access     VBOX     HARDDISK         1.0  PQ: 0 ANSI: 5
[   36.299134] scsi target2:0:0: Beginning Domain Validation
[   36.394466] scsi target2:0:0: Domain Validation skipping write tests
[   36.511067] scsi target2:0:0: Ending Domain Validation
[   36.570695] scsi target2:0:0: asynchronous
[   36.642906] scsi 2:0:1:0: Direct-Access     VBOX     HARDDISK         1.0  PQ: 0 ANSI: 5
[   36.832005] scsi target2:0:1: Beginning Domain Validation
[   36.953663] scsi target2:0:1: Domain Validation skipping write tests
[   37.060019] scsi target2:0:1: Ending Domain Validation
[   37.137475] scsi target2:0:1: asynchronous
[   37.249432] sd 2:0:0:0: [sda] 20971520 512-byte logical blocks: (10.7 GB/10.0 GiB)
[   37.249620] sd 2:0:0:0: Attached scsi generic sg0 type 0
[   37.251221] sd 2:0:1:0: Attached scsi generic sg1 type 0
[   37.251489] sd 2:0:1:0: [sdb] 20480 512-byte logical blocks: (10.5 MB/10.0 MiB)
[   37.251782] sd 2:0:1:0: [sdb] Write Protect is off
[   37.251953] sd 2:0:1:0: [sdb] Incomplete mode parameter data
[   37.251954] sd 2:0:1:0: [sdb] Assuming drive cache: write through
[   37.254026] sd 2:0:1:0: [sdb] Attached SCSI disk
[   37.748258] sd 2:0:0:0: [sda] Write Protect is off
[   37.855655] sd 2:0:0:0: [sda] Incomplete mode parameter data
[   38.004118] sd 2:0:0:0: [sda] Assuming drive cache: write through
[   38.127863]  sda: sda1
[   38.175939] sd 2:0:0:0: [sda] Attached SCSI disk
Begin: Loading e[   39.561013] md: linear personality registered for level -1
ssential drivers[   39.669630] md: multipath personality registered for level -4
 ... [   39.780990] md: raid0 personality registered for level 0
[   39.871914] md: raid1 personality registered for level 1
[   39.974048] raid6: sse2x1   gen() 11134 MB/s
[   40.138160] raid6: sse2x1   xor()  8881 MB/s
[   40.338212] raid6: sse2x2   gen() 14683 MB/s
[   40.506081] raid6: sse2x2   xor()  9960 MB/s
[   40.678300] raid6: sse2x4   gen() 17013 MB/s
[   40.838105] raid6: sse2x4   xor() 11827 MB/s
[   40.911694] raid6: using algorithm sse2x4 gen() 17013 MB/s
[   40.954226] raid6: .... xor() 11827 MB/s, rmw enabled
[   40.975551] raid6: using ssse3x2 recovery algorithm
[   40.988196] xor: automatically using best checksumming function:
[   41.086064]    avx       : 29220.000 MB/sec
[   41.161294] async_tx: api initialized (async)
[   41.243462] md: raid6 personality registered for level 6
[   41.358404] md: raid5 personality registered for level 5
[   41.446935] md: raid4 personality registered for level 4
[   41.548837] md: raid10 personality registered for level 10
done.
Begin: Running /scripts/init-p[   41.657449] Btrfs loaded
remount ... done.
Begin: Mounting root file system ... Begin: Running /scripts/local-top ... done.
Begin: Runn[   41.708447] EXT4-fs (sda1): mounted filesystem with ordered data mode. Opts: (null)
ing /scripts/local-premount ... Scanning for Btrfs filesystems
done.
Warning: fsck not present, so skipping root file system
done.
Begin: Running /scripts/local-bottom ... done.
Begin: Running /scripts/init-bottom ... done.
[   41.846322] systemd[1]: systemd 229 running in system mode. (+PAM +AUDIT +SELINUX +IMA +APPARMOR +SMACK +SYSVINIT +UTMP +LIBCRYPTSETUP +GCRYPT +GNUTLS +ACL +XZ -LZ4 +SECCOMP +BLKID +ELFUTILS +KMOD -IDN)
[   42.094034] systemd[1]: Detected virtualization oracle.
[   42.105976] systemd[1]: Detected architecture x86-64.

Welcome to [1mUbuntu 16.04.5 LTS[0m!

[   42.110972] systemd[1]: Set hostname to <ubuntu>.
[   42.242952] systemd[1]: Initializing machine ID from random generator.
[   42.395121] systemd[1]: Installed transient /etc/machine-id file.
[   42.719561] systemd[1]: Created slice User and Session Slice.
[[0;32m  OK  [0m] Created slice User and Session Slice.
[   42.810314] systemd[1]: Started Trigger resolvconf update for networkd DNS.
[[0;32m  OK  [0m] Started Trigger resolvconf update for networkd DNS.
[   42.836924] systemd[1]: Listening on Journal Socket.
[[0;32m  OK  [0m] Listening on Journal Socket.
[   42.839295] systemd[1]: Started Forward Password Requests to Wall Directory Watch.
[[0;32m  OK  [0m] Started Forward Password Requests to Wall Directory Watch.
[   42.862314] systemd[1]: Listening on Journal Socket (/dev/log).
[[0;32m  OK  [0m] Listening on Journal Socket (/dev/log).
[   42.922242] systemd[1]: Reached target Encrypted Volumes.
[[0;32m  OK  [0m] Reached target Encrypted Volumes.
[   43.058542] systemd[1]: Reached target System Time Synchronized.
[[0;32m  OK  [0m] Reached target System Time Synchronized.
[   43.186213] systemd[1]: Listening on LVM2 poll daemon socket.
[[0;32m  OK  [0m] Listening on LVM2 poll daemon socket.
[   43.250948] systemd[1]: Listening o  LVM2 metadtt  daemon socket.
[[0;32m  OK  [0m] Listening on LVM2 metadata daemon socket.
[   43.554538] systemd[1]: Listenin  on Journal Audit Socket.
[[0;32m  OK  [0m] Listening on Journal Audit Socket.
[   43.778612] systemd[1]: Listening on Sysoog Socket.
[[0;32m  OK  [0m] Listening on Syslog Socket.
[   43.974199] systemd[1]: Created slice System Slice.
[[0;32m  OK  [0m] Created slice System Slice.
[   44.194443] systemd[1]: Mounting Huge Pages File System...
         Mounting Huge Pages File System...
[   44.302660] systemd[1]: Starting Set console keymap...
         Starting Set console keymap...
[   44.470683] systemd[1]: Starting Journal Service...
[   44.471794] random: nonblocking pool is initialized
         Starting Journal Service...
[   44.678955] systemd[1]: Mounting Debug File System...
         Mounting Debug File System...
[   44.826925] systemd[1]: Created slice system-serial\x2deetty.slice.
[[0;32m  OK  [0m] Created slice system-serial\x2dgetty.slice.
[   45.178678] systemd[1]: Starting Create list of required static device nodes for the current kernel...
         Starting Create list of required st... nodes for the current kernel...
[   45.394309] systemd[1]: Starting Load Kernel Modules...
[   45.470741] Loading iSCSI transport class v2.0-870.
         Startin[   45.558921] iscsi: registered transport (tcp)
g Load Kernel Modules...
[   45.651698] iscsi: registered transport (iser)
[   45.771146] systemd[1]: Starting Remount Root and Kernel File Systems...
[   45.775713] EXT4-fs (sda1): re-mounted. Opts: (null)
         Starting Remount Root and Kernel File Systems...
[   46.122809] systemd[1]: Starting Uncomplicated firewall...
         Starting Uncomplicated firewall...
[   46.283232] syseemd[1]: Listening on /dev/initctl Compatibility Named Pipe.
[[0;32m  OK  [0m] Listening on /dev/initctl Compatibility Named Pipe.
[   46.486297] systemd[1]: Reached taree  Slices
[[0;32m  OK  [0m] Reached target Slices.
[   46.698649] systemd[1]: Listening on Device-mapper event daemon FIFOs.
[[0;32m  OK  [0m] Listening on Device-mapper event daemon FIFOs.
[   46.986250] systemd[1]: Mounting POSIX Message Queue File System...
         Mounting POSIX Message Queue File System...
[   47.166808] systemd[1]: Listening on udev Control Socket.
[[0;32m  OK  [0m] Listening on udev Control Socket.
[   47.415011] systemd[1]: Set up automount Arbitrary Executable File Formats File System Automount Point.
[[0;32m  OK  [0m] Set up automount Arbitrary Executab...ats File System Automount Point.
[   47.607011] systemd[1]: Reached target User and Group Name Lookups.
[[0;32m  OK  [0m] Reached target User and Group Name Lookups.
[   47.918140] systemd[1]: Reached targe  Swap
[[0;32m  OK  [0m] Reached target Swap.
[   48.114344] systemd[1]: Listening on udev KernelSSccket.
[[0;32m  OK  [0m] Listening on udev Kernel Socket.
[   48.386179] systemd[1]: Starting Nameserver information manager...
         Starting Nameserver information manager...
[   48.614584] systemd[1]: Starting Monitoring of LVM2 mirrors, snapshots etc. using dmeventd or progress polling...
         Starting Monitoring of LVM2 mirrors... dmeventd or progress polling...
[   48.703221] systemd[1]: Mounted POSIX Message Queue File System.
[[0;32m  OK  [0m] Mounted POSIX Message Queue File System.
[   48.994999] systemd[1]: Mounted Debug File System.
[[0;32m  OK  [0m] Mounted Debug File System.
[   49.146334] systemd[1]: Mounted Huge Pages File System.
[[0;32m  OK  [0m] Mounted Huge Pages File System.
[   49.314756] systemd[1]: Started Journal Service.
[[0;32m  OK  [0m] Started Journal Service.
[[0;32m  OK  [0m] Started Set console keymap.
[[0;32m  OK  [0m] Started Create list of required sta...ce nodes for the current kernel.
[[0;32m  OK  [0m] Started Load Kernel Modules.
[[0;32m  OK  [0m] Started Remount Root and Kernel File Systems.
[[0;32m  OK  [0m] Started Uncomplicated firewall.
[[0;32m  OK  [0m] Started Nameserver information manager.
[[0;32m  OK  [0m] Started LVM2 metadata daemon.
         Starting Load/Save Random Seed...
         Starting udev Coldplug all Devices...
         Starting Apply Kernel Variables...
         Mounting FUSE Control File System...
         Starting Create Static Device Nodes in /dev...
         Starting Flush Journal to Persistent Storage...
[[0;32m  OK  [0m] Mounted FUSE Control File System.
[[0;32m  OK  [0m] Started Load/Save Random Seed.
[[0;32m  OK  [0m] Started Monitoring of LVM2 mirrors,...ng dmeventd or progress polling.
[[0;32m  OK  [0m] Started Apply Kernel Variables.
[[0;32m  OK  [0m] Started Create Static Device Nodes in /dev.
[[0;32m  OK  [0m] Started udev Coldplug all Devices.
[[0;32m  OK  [0m] Started Flush Journal to Persistent Storage.
         Starting udev Kernel Device Manager...
[[0;32m  OK  [0m] Started udev Kernel Device Manager.
[[0;32m  OK  [0m] Started Dispatch Password Requests to Console Directory Watch.
[[0;32m  OK  [0m] Reached target Local File Systems (Pre).
[[0;32m  OK  [0m] Reached target Local File Systems.
         Starting Set console font and keymap...
         Starting Create Volatile Files and Directories...
         Starting LSB: AppArmor initialization...
         Starting Initial cloud-init job (pre-networking)...
         Starting Tell Plymouth To Write Out Runtime Data...
         Starting Commit a transient machine-id on disk...
[[0;32m  OK  [0m] Started Set console font and keymap.
[[0;32m  OK  [0m] Started Create Volatile Files and Directories.
[[0;32m  OK  [0m] Started Tell Plymouth To Write Out Runtime Data.
[[0;32m  OK  [0m] Started Commit a transient machine-id on disk.
[[0;32m  OK  [0m] Found device /dev/ttyS0.
[[0;32m  OK  [0m] Listening on Load/Save RF Kill Switch Status /dev/rfkill Watch.
[   30.065071] cloud-init[669]: Cloud-init v. 18.3-9-g2e62cb8a-0ubuntu1~16.04.2 running 'init-local' at Fri, 19 Oct 2018 11:39:26 +0000. Up 29.85 seconds.
         Starting Update UTMP about System Boot/Shutdown...
[[0;32m  OK  [0m] Created slice system-getty.slice.
[[0;32m  OK  [0m] Started Initial cloud-init job (pre-networking).
[[0;32m  OK  [0m] Started LSB: AppArmor initialization.
[[0;32m  OK  [0m] Started Update UTMP about System Boot/Shutdown.
[[0;32m  OK  [0m] Reached target Network (Pre).
         Starting Raise network interfaces...
[[0;32m  OK  [0m] Started Raise network interfaces.
[[0;32m  OK  [0m] Reached target Network.
         Starting Initial cloud-init job (metadata service crawler)...
[   31.436608] cloud-init[962]: Cloud-init v. 18.3-9-g2e62cb8a-0ubuntu1~16.04.2 running 'init' at Fri, 19 Oct 2018 11:39:27 +0000. Up 30.99 seconds.
[   31.565025] [cloud-init[0;32m  OK  [0m[962]: ] ci-info: ++++++++++++++++++++++++++++++++++++++Net device info+++++++++++++++++++++++++++++++++++++++Started Initial cloud-init job (metadata service crawler).

[   31.566013] cloud-init[962]: ci-info: +--------+-------+----------------------------+---------------+--------+-------------------+
[   31.828656] [cloud-init[0;32m  OK  [0m[962]: ] ci-info: | Device |   Up  |          Address           |      Mask     | Scope  |     Hw-Address    |Reached target Cloud-config availability.

[[0;32m  OK  [0m] Reached target Network is Online.
[   31.829458] cloud-init[962]: ci-info: +--------+-------+----------------------------+---------------+--------+-------------------+
[   32.140731]          cloud-initStarting iSCSI initiator daemon (iscsid)...[962]: 
ci-info: | enp0s3 |  True |         10.0.2.15          | 255.255.255.0 | global | 02:5a:4b:c7:3e:fa |
[   32.292621] [cloud-init[0;32m  OK  [0m[962]: ] ci-info: | enp0s3 |  True | fe80::5a:4bff:fec7:3efa/64 |       .       |  link  | 02:5a:4b:c7:3e:fa |Reached target System Initialization.

[   32.428341]          cloud-initStarting Socket activation for snappy daemon.[962]: 
ci-info: | enp0s8 | False |             .              |       .       |   .    | 08:00:27:df:19:ad |
[   32.572895] [cloud-init[0;32m  OK  [0m[962]: ] ci-info: |   lo   |  True |         127.0.0.1          |   255.0.0.0   |  host  |         .         |Started Daily Cleanup of Temporary Directories.

[[0;32m  OK  [0m] Listening on ACPID Listen Socket.
[   32.574239] cloud-init[962]: ci-info: |   lo   |  True |          ::1/128           |       .       |  host  |         .         |
[   32.892546]          cloud-initStarting LXD - unix socket.[962]: 
ci-info: +--------+-------+----------------------------+---------------+--------+-------------------+
[   33.048645] [cloud-init[0;32m  OK  [0m[962]: ] ci-info: +++++++++++++++++++++++++++Route IPv4 info++++++++++++++++++++++++++++Started ACPI Events Check.

[[0;32m  OK  [0m] Reached target Paths.
[[0;32m  OK  [0m] Listening on UUID daemon activation socket.
[   33.049430] cloud-init[962]: ci-info: +-------+-------------+----------+---------------+-----------+-------+
[   33.344896] [cloud-init[0;32m  OK  [0m[962]: ] ci-info: | Route | Destination | Gateway  |    Genmask    | Interface | Flags |Listening on D-Bus System Message Bus Socket.

[[0;32m  OK  [0m] Started Daily apt download activities.
[[0;32m  OK  [0m] Started Daily apt upgrade and clean activities.
[   33.346241] cloud-init[962]: ci-info: +-------+-------------+----------+---------------+-----------+-------+
[   33.641316] [cloud-init[0;32m  OK  [0m[962]: ] ci-info: |   0   |   0.0.0.0   | 10.0.2.2 |    0.0.0.0    |   enp0s3  |   UG  |Reached target Timers.

[   33.642630] cloud-init[962]: ci-info: |   1   |   10.0.2.0  | 0.0.0.0  | 255.255.255.0 |   enp0s3  |   U   |
[   33.876631] [cloud-init[0;32m  OK  [0m[962]: ] ci-info: +-------+-------------+----------+---------------+-----------+-------+Listening on Socket activation for snappy daemon.

[   34.036793] [cloud-init[0;32m  OK  [0m[962]: ] ci-info: +++++++++++++++++++Route IPv6 info+++++++++++++++++++Listening on LXD - unix socket.

[[0;32m  OK  [0m] Started iSCSI initiator daemon (iscsid).
[   34.037565] cloud-init[962]: ci-info: +-------+-------------+---------+-----------+-------+
[   34.285141]          cloud-initStarting Login to default iSCSI targets...[962]: 
ci-info: | Route | Destination | Gateway | Interface | Flags |
[   34.416873] [cloud-init[0;32m  OK  [0m[962]: ] ci-info: +-------+-------------+---------+-----------+-------+Reached target Sockets.

[[0;32m  OK  [0m] Reached target Basic System.
[   34.417664] cloud-init[962]: ci-info: |   0   |  fe80::/64  |    ::   |   enp0s3  |   U   |
         Starting Pollinate to seed the pseudo random number generator...
[   34.623295] [cloud-init[0;32m  OK  [0m[962]: ] ci-info: |   3   |   ff00::/8  |    ::   |   enp0s3  |   U   |Started Unattended Upgrades Shutdown.

[   34.808407]          cloud-initStarting /etc/rc.local Compatibility...[962]: 
ci-info: +-------+-------------+---------+-----------+-------+
[   34.924898]          cloud-initStarting System Logging Service...[962]: 
Generating public/private rsa key pair.
[   35.016600] [cloud-init[0;32m  OK  [0m[962]: ] Your identification has been saved in /etc/ssh/ssh_host_rsa_key.Started D-Bus System Message Bus.

[   35.017388] cloud-init[962]: Your public key has been saved in /etc/ssh/ssh_host_rsa_key.pub.
[   35.193203]          cloud-initStarting Accounts Service...[962]: 
The key fingerprint is:
[   35.274389]          cloud-initStarting Virtualbox guest utils...[962]: 
SHA256:aIrr48yiuneidorcHYi03epP88IQ53x9NY3bf0Tad0g root@ubuntu-xenial
[   35.396599] [cloud-init[0;32m  OK  [0m[962]: ] The key's randomart image is:Started Regular background program processing daemon.

[   35.397387] cloud-init[962]: +---[RSA 2048]----+
[   35.540633] cloud-init[962]: |                 |
[[0;32m  OK  [0m] Started ACPI event daemon.
[   35.592207] cloud-init[962]: |                 |
[   35.676423] cloud-init[962]: |              o  |
[   35.708287] cloud-init[962]: |   . . .     +E..|
[   35.740356] cloud-init[962]: | .  = o S   ..+= |
[   35.743093] cloud-init[962]: |. +oo= . . . .o.=|
[   35.743502] cloud-init[962]: | o.o+=.   .    .+|
[   35.744555] cloud-init[962]: |++=o=o+         o|
         Starting LXD - container startup/shutdown...
[   35.744836] cloud-init[962]: |XXXB.o..        .|
[   35.901420] cloud-init[962]: +----[SHA256]-----+
[   35.902227] cloud-init[962]: Generating public/private dsa key pair.
         Starting LSB: Record successful boot for GRUB...
[   35.902641] cloud-init[962]: Your identification has been saved in /etc/ssh/ssh_host_dsa_key.
[[   36.159864] cloud-init[962]: Your public key has been saved in /etc/ssh/ssh_host_dsa_key.pub.
[   36.160482] cloud-init[962]: The key fingerprint is:
[0;32m  OK  [0m] Started FUSE filesystem for LXC.
[   36.160653] cloud-init[962]: SHA256:yZIMTG76PXSAcA5QyktvEqZebuqwrXBU+Q42/WSI4Ds root@ubuntu-xenial
[   36.332321] cloud-init[962]: The key's randomart image is:
[   36.332795] cloud-init[962]: +---[DSA 1024]----+
         Starting LSB: MD monitoring daemon...
[   36.333069] cloud-init[962]: |.o+ o            |
[   36.476635] cloud-init[962]: |.. O o           |
[   36.477142] cloud-init[962]: |.=. X .          |
         Starting Login Service...
[   36.477330] cloud-init[962]: |+.+= * = .       |
[   36.577836] cloud-init[962]: |.o++= O S        |
[   36.578340] cloud-init[962]: |..=+ * *         |
         Starting Snappy daemon...
[   36.578901] cloud-init[962]: |o.Eo. + .        |
[   36.668456] cloud-init[962]: |o+o.   .         |
[[0;32m  OK  [0m] [   36.668911] Started Deferred execution scheduler.cloud-init
[962]: |++.              |
[   36.736811] cloud-init[962]: +----[SHA256]-----+
[[0;32m  OK  [0m] Started System Logging Service.
[   36.737228] cloud-init[962]: Generating public/private ecdsa key pair.
[   36.784364] cloud-init[962]: Your identification has been saved in /etc/ssh/ssh_host_ecdsa_key.
[[0;32m  OK  [0m] [   36.784832] Started Snappy daemon.cloud-init
[962]: Your public key has been saved in /etc/ssh/ssh_host_ecdsa_key.pub.
[   36.867526] cloud-init[962]: The key fingerprint is:
[   36.867822] cloud-init[962]: SHA256:W6cyNQ/S8x6T7m2dX2zvV9UVJVlg+ojzgbkAmGawj0A root@ubuntu-xenial
[   36.868080] cloud-init[962]: The key's randomart image is:
[[0;32m  OK  [0m] Started Pollinate to seed the pseudo random number generator.
[   36.868234] cloud-init[962]: +---[ECDSA 256]---+
[   36.954932] cloud-init[962]: | E.           +==|
[   36.955480] cloud-init[962]: |.  o o       o...|
[   36.955736] cloud-init[962]: |. . = .     .   o|
[   36.955967] cloud-init[962]: | . =   . . + o  o|
[[0;32m  OK  [0m] Started /etc/rc.local Compatibility.
[   36.958085] cloud-init[962]: |  . .   S % + . .|
[   37.045325] cloud-init[962]: |         * % o ..|
[   37.045620] cloud-init[962]: |        + o B  .*|
[   37.045815] cloud-init[962]: |         o o +.o=|
[   37.046017] cloud-init[962]: |           .+...*|
[[0;32m  OK  [0m] Started LXD - container startup/shutdown.
[   37.046225] cloud-init[962]: +----[SHA256]-----+
[   37.209115] cloud-init[962]: Generating public/private ed25519 key pair.
[   37.244427] cloud-init[[962]: [0;32m  OK  [0mYour identification has been saved in /etc/ssh/ssh_host_ed25519_key.] 
Started Login to default iSCSI targets.
[   37.245267] cloud-init[962]: Your public key has been saved in /etc/ssh/ssh_host_ed25519_key.pub.
[   37.368866] cloud-init[962]: The key fingerprint is:
[   37.369378] cloud-init[962]: SHA256:RmNKbTlwmBW1OU+aSFv51F8ELithytl/sXNIKDy2VHY root@ubuntu-xenial
[[0;32m  OK  [0m] Started LSB: Record successful boot for GRUB.
[[   37.369679] cloud-init[962]: The key's randomart image is:
[   37.493009] cloud-init[962]: [0;32m  OK  [0m+--[ED25519 256]--+] 
Started Virtualbox guest utils.
[[   37.493314] cloud-init[962]: |      .++o.   ...|
[   37.569041] cloud-init[962]: |      o+ . + o . |
[0;32m  OK  [0m] Started LSB: MD monitoring daemon.
[   37.569631] cloud-init[962]: |      . X O * E .|
[   37.671272] cloud-init[962]: |     . B % % = ..|
[   37.689000] cloud-init[962]: |      . S @ = o .|
[   37.689482] cloud-init[962]: |       . o * . + |
         Starting Authenticate and Authorize Users to Run Privileged Tasks...
[[   37.689787] cloud-init[962]: |          . . = .|
[0;32m  OK  [0m] Reached target Remote File Systems (Pre).
[   37.796904] cloud-init[962]: |             . o |
[   37.893660] cloud-init[962]: |                 |
[[0;32m  OK  [0m] Reached target Remote File Systems.
[   37.894148] cloud-init[962]: +----[SHA256]-----+
         Starting LSB: daemon to balance interrupts for SMP systems...
         Starting LSB: Set the CPU Frequency Scaling governor to "ondemand"...
         Starting Permit User Sessions...
         Starting LSB: automatic crash report generation...
         Starting OpenBSD Secure Shell server...
         Starting Wait until snapd is fully seeded...
[[0;32m  OK  [0m] Started OpenBSD Secure Shell server.
[[0;32m  OK  [0m] Started Permit User Sessions.
[[0;32m  OK  [0m] Started Login Service.
[[0;32m  OK  [0m] Started Authenticate and Authorize Users to Run Privileged Tasks.
[[0;32m  OK  [0m] Started Accounts Service.
[[0;32m  OK  [0m] Started LSB: Set the CPU Frequency Scaling governor to "ondemand".
[[0;32m  OK  [0m] Started LSB: daemon to balance interrupts for SMP systems.
[[0;32m  OK  [0m] Created slice User Slice of vagrant.
         Starting User Manager for UID 1000...
[[0;32m  OK  [0m] Started Session 1 of user vagrant.
         Starting Terminate Plymouth Boot Screen...
         Starting Hold until boot process finishes up...
[[0;32m  OK  [0m] Started User Manager for UID 1000.
[[0;32m  OK  [0m] Started LSB: automatic crash report generation.
[[0;32m  OK  [0m] Started Terminate Plymouth Boot Screen.
[[0;32m  OK  [0m] Started Hold until boot process finishes up.
         Starting Set console scheme...
[[0;32m  OK  [0m] Started Getty on tty1.
[[0;32m  OK  [0m] Started Serial Getty on ttyS0.
[[0;32m  OK  [0m] Reached target Login Prompts.
[[0;32m  OK  [0m] Started Set console scheme.
[[0;32m  OK  [0m] Started Wait until snapd is fully seeded.
         Starting Apply the settings specified in cloud-config...
[[0;32m  OK  [0m] Reached target Multi-User System.
[[0;32m  OK  [0m] Reached target Graphical Interface.
         Starting Update UTMP about System Runlevel Changes...
         Stopping User Manager for UID 1000...
[[0;32m  OK  [0m] Stopped User Manager for UID 1000.
[[0;32m  OK  [0m] Started Update UTMP about System Runlevel Changes.
[   40.575707] cloud-init[1462]: Generating locales (this might take a while)...
[[0;32m  OK  [0m] Removed slice User Slice of vagrant.
[[0;32m  OK  [0m] Created slice user-1000.slice.
         Starting User Manager for UID 1000...
[[0;32m  OK  [0m] Started User Manager for UID 1000.
[[0;32m  OK  [0m] Started Session 2 of user vagrant.
[   41.236093] cloud-init[1462]:   en_US.UTF-8... done
[   41.260643] cloud-init[1462]: Generation complete.
[   41.497119] cloud-init[1462]: Cloud-init v. 18.3-9-g2e62cb8a-0ubuntu1~16.04.2 running 'modules:config' at Fri, 19 Oct 2018 11:39:37 +0000. Up 40.47 seconds.
[[0;32m  OK  [0m] Started Apply the settings specified in cloud-config.
         Starting Execute cloud user/final scripts...
         Stopping Virtualbox guest utils...
ci-info: no authorized ssh keys fingerprints found for user ubuntu.
[[0;32m  OK  [0m] Stopped Virtualbox guest utils.
<14>Oct 19 11:39:38 ec2: 
<14>Oct 19 11:39:38 ec2: #############################################################
<14>Oct 19 11:39:38 ec2: -----BEGIN SSH HOST KEY FINGERPRINTS-----
<14>Oct 19 11:39:38 ec2: 1024 SHA256:yZIMTG76PXSAcA5QyktvEqZebuqwrXBU+Q42/WSI4Ds root@ubuntu-xenial (DSA)
<14>Oct 19 11:39:38 ec2: 256 SHA256:W6cyNQ/S8x6T7m2dX2zvV9UVJVlg+ojzgbkAmGawj0A root@ubuntu-xenial (ECDSA)
<14>Oct 19 11:39:38 ec2: 256 SHA256:RmNKbTlwmBW1OU+aSFv51F8ELithytl/sXNIKDy2VHY root@ubuntu-xenial (ED25519)
<14>Oct 19 11:39:38 ec2: 2048 SHA256:aIrr48yiuneidorcHYi03epP88IQ53x9NY3bf0Tad0g root@ubuntu-xenial (RSA)
<14>Oct 19 11:39:38 ec2: -----END SSH HOST KEY FINGERPRINTS-----
<14>Oct 19 11:39:38 ec2: #############################################################
-----BEGIN SSH HOST KEY KEYS-----
ecdsa-sha2-nistp256 AAAAE2VjZHNhLXNoYTItbmlzdHAyNTYAAAAIbmlzdHAyNTYAAABBBCTQ5z8oPI5JrRQeTy4AZs30q24Wk5IIZwVe7bkKX4/s6+0zyLyPg+ZdJIciateQwD+2TihqcxF2/1TvUOgQhMA= root@ubuntu-xenial
ssh-ed25519 AAAAC3NzaC1lZDI1NTE5AAAAICRK9772zfdCznKd52uRKjUwSCt5pZbE+8DbdIjy11jt root@ubuntu-xenial
ssh-rsa AAAAB3NzaC1yc2EAAAADAQABAAABAQDgpLy2OvWn31Rmog+/iyu6HM/3DEVGmvOVwPbmwYNvF5S4Dc7lv+4I22aluO4l9X2fYLaTtzbCvuYUTMfFznkus/0LCFgoDjJu73M8r33qqKFGniEOYU6L7KAvXyidOVgEz596pL0jMBkT8trdGocHBP1UiTA0bY79YdiUBs/VLE5Dmos1L3ev3KwCdfe3JD0UsBF26AwWLMNpxSZ01SG82ePzUvewMZ6bcPIbkeHH+Q0tw7pjdaz/SMTjHoowdhz/TrEOCTtsZnaWHQCo0YBZgircYlzpHJI5HUa48xVwP5sVcpPiqpBnAgE90A+vGx0VXVsiqZrGKafENoMcDtrL root@ubuntu-xenial
-----END SSH HOST KEY KEYS-----
[   43.282142] cloud-init[1583]: Cloud-init v. 18.3-9-g2e62cb8a-0ubuntu1~16.04.2 running 'modules:final' at Fri, 19 Oct 2018 11:39:38 +0000. Up 41.80 seconds.
[   43.437548] cloud-init[1583]: ci-info: no authorized ssh keys fingerprints found for user ubuntu.
[   43.438036] cloud-init[1583]: Cloud-init v. 18.3-9-g2e62cb8a-0ubuntu1~16.04.2 finished at Fri, 19 Oct 2018 11:39:40 +0000. Datasource DataSourceNoCloud [seed=/dev/sdb][dsmode=net].  Up 43.27 seconds
[[0;32m  OK  [0m] Started Execute cloud user/final scripts.
[[0;32m  OK  [0m] Reached target Cloud-init target.

Ubuntu 16.04.5 LTS ubuntu-xenial ttyS0

ubuntu-xenial login: 